[2016-01-12 09:01:25] START
[2016-01-12 09:01:25] EDIT lite_cash/private/appconfig.ini: -18
[2016-01-12 09:05:35] EDIT lite_cash/private/appconfig.ini: 5
[2016-01-12 09:06:38] EDIT lite_cash/models/0.py: -3
[2016-01-12 09:06:45] EDIT lite_cash/private/appconfig.ini: 0
[2016-01-12 09:07:00] EDIT lite_cash/private/appconfig.ini: 1
[2016-01-12 09:15:02] EDIT lite_cash/private/appconfig.ini: 4
[2016-01-12 09:16:30] EDIT lite_cash/private/appconfig.ini: 3
[2016-01-12 09:24:25] EDIT lite_cash/private/appconfig.ini: 13
[2016-01-12 09:28:06] EDIT lite_cash/models/0.py: -36
[2016-01-12 09:31:34] EDIT lite_cash/models/db.py: -1
[2016-01-12 09:32:10] EDIT lite_cash/private/appconfig.ini: 2
[2016-01-12 09:33:15] EDIT lite_cash/models/0.py: 1
[2016-01-12 09:33:45] EDIT lite_cash/models/db.py: 0
[2016-01-12 09:35:24] EDIT lite_cash/models/db.py: 0
[2016-01-12 09:36:05] EDIT lite_cash/models/0.py: 1
[2016-01-12 09:42:48] EDIT lite_cash/private/appconfig.ini: 9
[2016-01-12 09:47:02] EDIT lite_cash/private/appconfig.ini: -12
[2016-01-12 09:47:05] EDIT lite_cash/private/appconfig.ini: -1
[2016-01-12 09:47:13] EDIT lite_cash/private/appconfig.ini: 0
[2016-01-12 09:47:48] EDIT lite_cash/models/0.py: 5
[2016-01-12 09:48:37] EDIT lite_cash/models/0.py: 0
[2016-01-12 09:51:02] EDIT lite_cash/models/db.py: 0
[2016-01-12 09:51:36] EDIT lite_cash/models/db.py: -1
[2016-01-12 09:53:23] EDIT lite_cash/models/0.py: 1
[2016-01-12 09:54:44] EDIT lite_cash/private/appconfig.ini: 1
[2016-01-12 09:55:49] EDIT lite_cash/models/0.py: 0
[2016-01-12 09:56:44] EDIT lite_cash/models/0.py: 0
[2016-01-12 09:58:27] EDIT lite_cash/models/0.py: 0
[2016-01-12 10:00:47] EDIT lite_cash/private/appconfig.ini: 0
[2016-01-12 10:02:09] EDIT lite_cash/models/0.py: 2
[2016-01-12 10:02:53] EDIT lite_cash/models/0.py: 0
[2016-01-12 10:03:08] EDIT lite_cash/private/appconfig.ini: 0
[2016-01-12 10:07:00] EDIT lite_cash/views/layout.html: 0
[2016-01-12 10:07:35] EDIT lite_cash/models/0.py: -2
[2016-01-12 10:08:00] EDIT lite_cash/views/layout.html: 0
[2016-01-12 10:09:12] EDIT lite_cash/views/lay_header.html: -1
[2016-01-12 10:09:51] EDIT lite_cash/controllers/default.py: 0
[2016-01-12 10:11:46] EDIT lite_cash/private/appconfig.ini: 1
[2016-01-12 10:11:55] EDIT lite_cash/private/appconfig.ini: 0
[2016-01-12 10:12:24] EDIT lite_cash/models/0.py: 0
[2016-01-12 10:12:39] EDIT lite_cash/private/appconfig.ini: 0
[2016-01-12 10:12:43] EDIT lite_cash/private/appconfig.ini: 0
[2016-01-12 10:12:58] EDIT lite_cash/private/appconfig.ini: 0
[2016-01-12 10:13:20] EDIT lite_cash/private/appconfig.ini: 0
[2016-01-12 10:23:03] EDIT lite_cash/models/db.py: 9
[2016-01-12 10:26:39] EDIT lite_cash/models/db.py: 0
[2016-01-12 10:28:34] EDIT lite_cash/models/db.py: 0
[2016-01-12 10:40:48] EDIT lite_cash/models/db.py: 10
[2016-01-12 10:41:22] EDIT lite_cash/models/db.py: 0
[2016-01-12 10:46:00] EDIT lite_cash/models/db.py: 0
[2016-01-12 10:47:07] EDIT lite_cash/models/db.py: 0
[2016-01-12 10:47:35] EDIT lite_cash/models/db.py: 0
[2016-01-12 10:49:40] EDIT lite_cash/models/db.py: 7
[2016-01-12 10:56:48] EDIT lite_cash/controllers/default.py: 2
[2016-01-12 11:00:01] EDIT lite_cash/models/db.py: 0
[2016-01-12 11:01:24] EDIT lite_cash/models/db.py: 0
[2016-01-12 11:03:40] EDIT lite_cash/models/db.py: 0
[2016-01-12 11:06:14] EDIT lite_cash/models/db.py: 2
[2016-01-12 11:06:37] EDIT lite_cash/models/db.py: 2
[2016-01-12 11:09:55] EDIT lite_cash/models/db.py: 2
[2016-01-12 11:10:49] EDIT lite_cash/models/db.py: 0
[2016-01-12 11:11:31] EDIT lite_cash/models/db.py: 0
[2016-01-12 11:11:53] EDIT lite_cash/models/db.py: 0
[2016-01-12 11:16:26] EDIT lite_cash/controllers/default.py: 0
[2016-01-12 11:17:37] EDIT lite_cash/controllers/default.py: 0
[2016-01-12 11:18:43] EDIT lite_cash/controllers/default.py: 2
[2016-01-12 11:30:13] EDIT lite_cash/models/db.py: 9
[2016-01-12 11:30:59] EDIT lite_cash/models/db.py: 1
[2016-01-12 11:40:33] EDIT lite_cash/models/db.py: 1
[2016-01-12 11:40:58] EDIT lite_cash/models/db.py: 0
[2016-01-12 11:41:48] EDIT lite_cash/models/db.py: 0
[2016-01-12 11:42:36] EDIT lite_cash/models/db.py: -2
[2016-01-12 11:43:18] EDIT lite_cash/models/db.py: 0
[2016-01-12 11:43:52] EDIT lite_cash/models/db.py: 0
[2016-01-12 11:51:07] EDIT lite_cash/models/db.py: 0
[2016-01-12 11:56:04] EDIT lite_cash/models/db.py: 18
[2016-01-12 11:58:07] EDIT lite_cash/models/db.py: -1
[2016-01-12 11:59:41] EDIT lite_cash/models/db.py: -10
[2016-01-12 11:59:58] EDIT lite_cash/models/db.py: 0
[2016-01-12 12:01:13] EDIT lite_cash/models/db.py: 0
[2016-01-12 12:03:27] EDIT lite_cash/models/db.py: 1
[2016-01-12 12:04:23] EDIT lite_cash/models/db.py: 3
[2016-01-12 12:04:46] EDIT lite_cash/models/db.py: 1
[2016-01-12 12:05:04] EDIT lite_cash/models/db.py: 0
[2016-01-12 12:08:17] EDIT lite_cash/models/db.py: 2
[2016-01-12 12:11:50] EDIT lite_cash/models/db.py: 1
[2016-01-12 12:40:23] EDIT lite_cash/models/db.py: 3
[2016-01-12 12:41:41] EDIT lite_cash/models/db.py: 0
[2016-01-12 12:42:21] EDIT lite_cash/models/db.py: 1
[2016-01-12 12:42:36] EDIT lite_cash/models/db.py: 1
[2016-01-12 12:44:32] EDIT lite_cash/models/db.py: 1
[2016-01-12 12:44:52] EDIT lite_cash/models/db.py: 1
[2016-01-12 12:45:22] EDIT lite_cash/models/db.py: 0
[2016-01-12 12:50:44] EDIT lite_cash/models/db.py: 1
[2016-01-12 12:57:43] EDIT lite_cash/models/db.py: 2
[2016-01-12 12:58:15] EDIT lite_cash/controllers/default.py: 0
[2016-01-12 12:58:42] EDIT lite_cash/controllers/default.py: 0
[2016-01-12 12:58:56] EDIT lite_cash/controllers/default.py: 0
[2016-01-12 13:03:14] EDIT lite_cash/models/db.py: 2
[2016-01-12 13:03:50] EDIT lite_cash/models/db.py: 4
[2016-01-12 13:04:57] EDIT lite_cash/models/db.py: 4
[2016-01-12 13:06:03] EDIT lite_cash/models/db.py: 0
[2016-01-12 13:07:13] EDIT lite_cash/models/db.py: 5
[2016-01-12 13:08:09] EDIT lite_cash/models/db.py: 1
[2016-01-12 13:08:54] EDIT lite_cash/models/db.py: 0
[2016-01-12 13:10:35] EDIT lite_cash/models/db.py: 0
[2016-01-12 13:11:15] EDIT lite_cash/models/db.py: 0
[2016-01-12 13:14:37] EDIT lite_cash/controllers/default.py: 1
[2016-01-12 13:14:45] EDIT lite_cash/controllers/default.py: 0
[2016-01-12 13:15:27] EDIT lite_cash/controllers/default.py: 0
[2016-01-12 13:15:56] EDIT lite_cash/controllers/default.py: 1
[2016-01-12 13:21:11] EDIT lite_cash/models/db.py: 0
[2016-01-12 13:21:34] EDIT lite_cash/models/db.py: 2
[2016-01-12 13:32:08] EDIT lite_cash/models/recl.py: 0
[2016-01-12 13:41:26] EDIT lite_cash/controllers/tools.py: 3
[2016-01-12 13:44:54] EDIT lite_cash/modules/orders_lib.py: 4
[2016-01-12 13:46:06] EDIT lite_cash/modules/serv_rates.py: 1
[2016-01-12 13:47:51] EDIT lite_cash/models/db.py: 0
[2016-01-12 13:48:54] EDIT lite_cash/modules/serv_rates.py: 0
[2016-01-12 13:50:03] EDIT lite_cash/modules/serv_rates.py: 2
[2016-01-12 13:52:57] EDIT lite_cash/modules/serv_rates.py: 0
[2016-01-12 13:53:13] EDIT lite_cash/controllers/tools.py: 0
[2016-01-12 13:55:49] EDIT lite_cash/modules/serv_rates.py: 3
[2016-01-12 13:55:55] EDIT lite_cash/modules/serv_rates.py: 0
[2016-01-12 14:01:59] EDIT lite_cash/modules/serv_rates.py: 5
[2016-01-12 14:03:47] EDIT lite_cash/modules/serv_rates.py: 1
[2016-01-12 14:03:54] EDIT lite_cash/modules/serv_rates.py: -2
[2016-01-12 14:05:49] EDIT lite_cash/modules/serv_rates.py: 0
[2016-01-12 14:07:34] EDIT lite_cash/modules/serv_rates.py: 13
[2016-01-12 14:08:57] EDIT lite_cash/models/db.py: 1
[2016-01-12 14:11:18] EDIT lite_cash/models/db.py: 0
[2016-01-12 14:12:54] EDIT lite_cash/modules/serv_rates.py: -4
[2016-01-12 14:14:54] EDIT lite_cash/controllers/default.py: 2
[2016-01-12 14:15:03] EDIT lite_cash/controllers/default.py: -1
[2016-01-12 14:17:24] EDIT lite_cash/modules/serv_rates.py: 1
[2016-01-12 14:22:34] EDIT lite_cash/modules/serv_rates.py: 0
[2016-01-12 14:25:09] EDIT lite_cash/modules/serv_rates.py: 0
[2016-01-12 14:28:02] EDIT lite_cash/modules/serv_rates.py: 0
[2016-01-12 14:28:28] EDIT lite_cash/modules/serv_rates.py: 0
[2016-01-12 14:30:17] EDIT lite_cash/modules/serv_rates.py: 1
[2016-01-12 14:30:41] EDIT lite_cash/modules/serv_rates.py: 1
[2016-01-12 14:30:50] EDIT lite_cash/modules/serv_rates.py: 0
[2016-01-12 14:31:07] EDIT lite_cash/modules/serv_rates.py: 1
[2016-01-12 14:32:39] EDIT lite_cash/modules/serv_rates.py: 0
[2016-01-12 14:33:28] EDIT lite_cash/modules/serv_rates.py: 0
[2016-01-12 14:34:35] EDIT lite_cash/modules/rates_yahoo.py: 0
[2016-01-12 14:34:59] EDIT lite_cash/modules/serv_rates.py: -1
[2016-01-12 14:45:59] EDIT lite_cash/models/db.py: 14
[2016-01-12 14:46:13] EDIT lite_cash/models/db.py: 0
[2016-01-12 14:48:53] EDIT lite_cash/models/db.py: 0
[2016-01-12 14:49:28] EDIT lite_cash/models/db.py: 0
[2016-01-12 14:51:12] EDIT lite_cash/controllers/api.py: 1
[2016-01-12 14:53:27] EDIT lite_cash/controllers/api.py: 1
[2016-01-12 14:54:04] EDIT lite_cash/controllers/api_bill.py: 1
[2016-01-12 14:54:42] EDIT lite_cash/controllers/api_cmd.py: 0
[2016-01-12 14:56:46] EDIT lite_cash/controllers/bill.py: 0
[2016-01-12 14:57:25] EDIT lite_cash/controllers/more.py: 0
[2016-01-12 14:58:28] EDIT lite_cash/controllers/wager.py: 0
[2016-01-12 15:40:13] EDIT lite_cash_dvlp/controllers/default.py: 2
[2016-01-12 15:40:54] EDIT lite_cash_dvlp/controllers/default.py: 1
[2016-01-12 15:43:39] EDIT lite_cash_dvlp/controllers/default.py: 0
[2016-01-12 15:44:19] EDIT lite_cash_dvlp/controllers/default.py: 1
[2016-01-12 15:44:58] EDIT lite_cash_dvlp/controllers/default.py: 0
[2016-01-12 15:50:03] EDIT lite_cash_dvlp/controllers/default.py: 1
[2016-01-12 15:50:06] EDIT lite_cash_dvlp/controllers/default.py: 0
[2016-01-12 15:51:23] EDIT lite_cash_dvlp/controllers/default.py: 1
[2016-01-12 15:52:35] EDIT lite_cash_dvlp/controllers/default.py: 1
[2016-01-12 15:53:26] EDIT lite_cash_dvlp/controllers/default.py: 0
[2016-01-12 15:54:39] EDIT lite_cash_dvlp/controllers/default.py: 1
[2016-01-12 15:56:12] EDIT lite_cash_dvlp/controllers/default.py: 0
[2016-01-12 15:58:27] EDIT lite_cash_dvlp/controllers/default.py: 0
[2016-01-12 15:59:32] EDIT lite_cash_dvlp/controllers/default.py: 0
[2016-02-02 09:03:29] EDIT lite_cash_dvlp/models/menu.py: 5
[2016-02-02 09:04:36] EDIT lite_cash_dvlp/models/menu.py: 0
[2016-02-02 09:06:31] EDIT lite_cash_dvlp/models/menu.py: 0
